<?xml version="1.0" encoding="UTF-8"?>
<!-- Generated by org.testng.reporters.JUnitReportReporter -->
<testsuite skipped="0" hostname="LAPTOP-KQEP0MCP" name="testngDemo.Test1" tests="1" failures="0" timestamp="02 Mar 2022 00:50:04 GMT" time="0.007" errors="0">
  <testcase name="test1" time="0.007" classname="testngDemo.Test1"/>
</testsuite> <!-- testngDemo.Test1 -->
